<?xml version="1.0" encoding="UTF-8"?>
<testng-results ignored="0" total="1" passed="1" failed="0" skipped="0">
  <reporter-output>
    <line>
      <![CDATA[Navigated to AB Control test]]>
    </line>
  </reporter-output>
  <suite started-at="2024-08-02T11:39:42 IST" name="Default suite" finished-at="2024-08-02T11:39:50 IST" duration-ms="8647">
    <groups>
    </groups>
    <test started-at="2024-08-02T11:39:42 IST" name="Default test" finished-at="2024-08-02T11:39:50 IST" duration-ms="8647">
      <class name="hero.ABTesting">
        <test-method signature="executeabTC()[pri:0, instance:hero.ABTesting@235834f2]" started-at="2024-08-02T11:39:42 IST" name="executeabTC" finished-at="2024-08-02T11:39:50 IST" duration-ms="8595" status="PASS">
          <reporter-output>
            <line>
              <![CDATA[Navigated to AB Control test]]>
            </line>
          </reporter-output>
        </test-method> <!-- executeabTC -->
      </class> <!-- hero.ABTesting -->
    </test> <!-- Default test -->
  </suite> <!-- Default suite -->
</testng-results>
